<?xml version="1.0" encoding="UTF-8"?>
<!-- Generated by org.testng.reporters.JUnitXMLReporter -->
<testsuite hostname="HCLLAPTOP-PC" tests="0" failures="0" timestamp="24 Sep 2016 16:36:21 GMT" time="0.056" errors="0">
  <testcase name="@BeforeTest mailTest" time="0.0" classname="GridExample">
    <failure type="org.testng.TestNGException" message="
Parameter &amp;apos;broswerType&amp;apos; is required by @Configuration on method mailTest but has not been marked @Optional or defined
in E:\Java\Strings\src\testng.xml">
      <![CDATA[org.testng.TestNGException: 
Parameter 'broswerType' is required by @Configuration on method mailTest but has not been marked @Optional or defined
in E:\Java\Strings\src\testng.xml
... Removed 19 stack frames]]>
    </failure>
  </testcase> <!-- @BeforeTest mailTest -->
</testsuite>
